<?xml version="1.0" encoding="UTF-8"?>
<testng-results ignored="0" total="1" passed="1" failed="0" skipped="0">
  <reporter-output>
  </reporter-output>
  <suite started-at="2023-11-17T18:49:36 GMT" name="Default suite" finished-at="2023-11-17T18:50:20 GMT" duration-ms="43954">
    <groups>
    </groups>
    <test started-at="2023-11-17T18:49:36 GMT" name="Default test" finished-at="2023-11-17T18:50:20 GMT" duration-ms="43954">
      <class name="WorkingWithTestNG.WorkingWithDataProvider">
        <test-method signature="testCase()[pri:0, instance:WorkingWithTestNG.WorkingWithDataProvider@71238fc2]" started-at="2023-11-17T18:49:36 GMT" name="testCase" finished-at="2023-11-17T18:50:20 GMT" duration-ms="43693" status="PASS">
          <reporter-output>
          </reporter-output>
        </test-method> <!-- testCase -->
      </class> <!-- WorkingWithTestNG.WorkingWithDataProvider -->
    </test> <!-- Default test -->
  </suite> <!-- Default suite -->
</testng-results>
