<?xml version="1.0" encoding="UTF-8"?>
<testng-results ignored="0" total="1" passed="1" failed="0" skipped="0">
  <reporter-output>
    <line>
      <![CDATA[Shopping Cart page displayed]]>
    </line>
    <line>
      <![CDATA[AddToCart Test Case Pass]]>
    </line>
  </reporter-output>
  <suite started-at="2023-11-20T18:43:54 GMT" name="Default suite" finished-at="2023-11-20T18:44:29 GMT" duration-ms="35448">
    <groups>
      <group name="Smoke">
        <method signature="Assignment3AddToCartTest.addToCart()[pri:0, instance:TestCasesTest.Assignment3AddToCartTest@54e1c68b]" name="addToCart" class="TestCasesTest.Assignment3AddToCartTest"/>
      </group> <!-- Smoke -->
    </groups>
    <test started-at="2023-11-20T18:43:54 GMT" name="Default test" finished-at="2023-11-20T18:44:29 GMT" duration-ms="35448">
      <class name="TestCasesTest.Assignment3AddToCartTest">
        <test-method is-config="true" signature="launchBrowser()[pri:0, instance:TestCasesTest.Assignment3AddToCartTest@54e1c68b]" started-at="2023-11-20T18:43:54 GMT" name="launchBrowser" finished-at="2023-11-20T18:44:11 GMT" duration-ms="17646" status="PASS">
          <reporter-output>
          </reporter-output>
        </test-method> <!-- launchBrowser -->
        <test-method is-config="true" signature="performLogin()[pri:0, instance:TestCasesTest.Assignment3AddToCartTest@54e1c68b]" started-at="2023-11-20T18:44:11 GMT" name="performLogin" finished-at="2023-11-20T18:44:14 GMT" duration-ms="2455" status="PASS">
          <reporter-output>
          </reporter-output>
        </test-method> <!-- performLogin -->
        <test-method signature="addToCart()[pri:0, instance:TestCasesTest.Assignment3AddToCartTest@54e1c68b]" started-at="2023-11-20T18:44:14 GMT" name="addToCart" finished-at="2023-11-20T18:44:27 GMT" duration-ms="12931" status="PASS">
          <reporter-output>
            <line>
              <![CDATA[Shopping Cart page displayed]]>
            </line>
            <line>
              <![CDATA[AddToCart Test Case Pass]]>
            </line>
          </reporter-output>
        </test-method> <!-- addToCart -->
        <test-method is-config="true" signature="performLogout()[pri:0, instance:TestCasesTest.Assignment3AddToCartTest@54e1c68b]" started-at="2023-11-20T18:44:27 GMT" name="performLogout" finished-at="2023-11-20T18:44:28 GMT" duration-ms="1499" status="PASS">
          <reporter-output>
          </reporter-output>
        </test-method> <!-- performLogout -->
        <test-method is-config="true" signature="closeBrowser()[pri:0, instance:TestCasesTest.Assignment3AddToCartTest@54e1c68b]" started-at="2023-11-20T18:44:28 GMT" name="closeBrowser" finished-at="2023-11-20T18:44:29 GMT" duration-ms="676" status="PASS">
          <reporter-output>
          </reporter-output>
        </test-method> <!-- closeBrowser -->
      </class> <!-- TestCasesTest.Assignment3AddToCartTest -->
    </test> <!-- Default test -->
  </suite> <!-- Default suite -->
</testng-results>
